{"numFailedTestSuites":1,"numFailedTests":2,"numPassedTestSuites":0,"numPassedTests":0,"numPendingTestSuites":0,"numPendingTests":0,"numRuntimeErrorTestSuites":0,"numTodoTests":0,"numTotalTestSuites":1,"numTotalTests":2,"openHandles":[],"snapshot":{"added":0,"didUpdate":false,"failure":false,"filesAdded":0,"filesRemoved":0,"filesRemovedList":[],"filesUnmatched":0,"filesUpdated":0,"matched":0,"total":0,"unchecked":0,"uncheckedKeysByFile":[],"unmatched":0,"updated":0},"startTime":1770801447343,"success":false,"testResults":[{"assertionResults":[{"ancestorTitles":["GET /api/auth/confirm"],"duration":72,"failureDetails":[{"name":"TSError","diagnosticText":"\u001b[96msrc/lib/redirect.ts\u001b[0m:\u001b[93m26\u001b[0m:\u001b[93m53\u001b[0m - \u001b[91merror\u001b[0m\u001b[90m TS1002: \u001b[0mUnterminated string literal.\n\n\u001b[7m26\u001b[0m   if (trimmed.startsWith('/\\')) return fallbackPath;\n\u001b[7m  \u001b[0m \u001b[91m                                                    \u001b[0m\n\u001b[96msrc/lib/redirect.ts\u001b[0m:\u001b[93m28\u001b[0m:\u001b[93m3\u001b[0m - \u001b[91merror\u001b[0m\u001b[90m TS1005: \u001b[0m',' expected.\n\n\u001b[7m28\u001b[0m   return trimmed;\n\u001b[7m  \u001b[0m \u001b[91m  ~~~~~~\u001b[0m\n","diagnosticCodes":[1002,1005]}],"failureMessages":[""],"fullName":"GET /api/auth/confirm missing token redirects to default path","invocations":1,"location":null,"numPassingAsserts":0,"retryReasons":[],"status":"failed","title":"missing token redirects to default path"},{"ancestorTitles":["GET /api/auth/confirm"],"duration":10,"failureDetails":[{"name":"TSError","diagnosticText":"\u001b[96msrc/lib/redirect.ts\u001b[0m:\u001b[93m26\u001b[0m:\u001b[93m53\u001b[0m - \u001b[91merror\u001b[0m\u001b[90m TS1002: \u001b[0mUnterminated string literal.\n\n\u001b[7m26\u001b[0m   if (trimmed.startsWith('/\\')) return fallbackPath;\n\u001b[7m  \u001b[0m \u001b[91m                                                    \u001b[0m\n\u001b[96msrc/lib/redirect.ts\u001b[0m:\u001b[93m28\u001b[0m:\u001b[93m3\u001b[0m - \u001b[91merror\u001b[0m\u001b[90m TS1005: \u001b[0m',' expected.\n\n\u001b[7m28\u001b[0m   return trimmed;\n\u001b[7m  \u001b[0m \u001b[91m  ~~~~~~\u001b[0m\n","diagnosticCodes":[1002,1005]}],"failureMessages":[""],"fullName":"GET /api/auth/confirm valid token redirects to redirect_to and persists session","invocations":1,"location":null,"numPassingAsserts":0,"retryReasons":[],"status":"failed","title":"valid token redirects to redirect_to and persists session"}],"endTime":1770801448969,"message":"\u001b[1m\u001b[31m  \u001b[1m● \u001b[22m\u001b[1mGET /api/auth/confirm › missing token redirects to default path\u001b[39m\u001b[22m\n\n\n\u001b[2m\u001b[22m\n\u001b[2m\u001b[22m\n\n\u001b[1m\u001b[31m  \u001b[1m● \u001b[22m\u001b[1mGET /api/auth/confirm › valid token redirects to redirect_to and persists session\u001b[39m\u001b[22m\n\n\n\u001b[2m\u001b[22m\n\u001b[2m\u001b[22m\n","name":"C:\\work\\o_official\\tests\\integration\\api\\auth\\confirm.test.ts","startTime":1770801448390,"status":"failed","summary":""}],"wasInterrupted":false}
